<?xml version="1.0" encoding="UTF-8"?>
<testng-results skipped="0" failed="0" total="1" passed="1">
  <reporter-output>
  </reporter-output>
  <suite name="Default suite" duration-ms="13524" started-at="2017-02-08T04:52:02Z" finished-at="2017-02-08T04:52:15Z">
    <groups>
    </groups>
    <test name="Default test" duration-ms="13524" started-at="2017-02-08T04:52:02Z" finished-at="2017-02-08T04:52:15Z">
      <class name="tutorial.Selenium">
        <test-method status="PASS" signature="inititate()[pri:0, instance:tutorial.Selenium@1593948d]" name="inititate" duration-ms="13513" started-at="2017-02-08T10:22:02Z" finished-at="2017-02-08T10:22:15Z">
          <reporter-output>
          </reporter-output>
        </test-method> <!-- inititate -->
      </class> <!-- tutorial.Selenium -->
    </test> <!-- Default test -->
  </suite> <!-- Default suite -->
</testng-results>
